ISim log file
Running: C:\Users\kaimo\Documents\ESCOM\6o Semestre\03 ARQUITECTURA DE COMPUTADORAS\ESCOMIPS\ESCOMIPS V2.5 Simulacion\MICRO\aiura_isim_beh.exe -intstyle ise -gui -tclbatch isim.cmd -wdb C:/Users/kaimo/Documents/ESCOM/6o Semestre/03 ARQUITECTURA DE COMPUTADORAS/ESCOMIPS/ESCOMIPS V2.5 Simulacion/MICRO/aiura_isim_beh.wdb 
ISim P.20131013 (signature 0x7708f090)
This is a Full version of ISim.
Time resolution is 1 ps
# onerror resume
# wave add /
# run 1000 ns
Simulator is doing circuit initialization process.
at 0 ps, Instance /aiura/uut/MEM_PROGRAMA/ : Warning: There is an 'U'|'X'|'W'|'Z'|'-' in an arithmetic operand, the result will be 'X'(es).
at 0 ps, Instance /aiura/uut/MEM_PROGRAMA/ : Warning: CONV_INTEGER: There is an 'U'|'X'|'W'|'Z'|'-' in an arithmetic operand, and it has been converted to 0.
at 0 ps, Instance /aiura/uut/STACK/ : Warning: CONV_INTEGER: There is an 'U'|'X'|'W'|'Z'|'-' in an arithmetic operand, and it has been converted to 0.
at 0 ps, Instance /aiura/uut/PRIN_CONTROL/MEM_FUNC/ : Warning: CONV_INTEGER: There is an 'U'|'X'|'W'|'Z'|'-' in an arithmetic operand, and it has been converted to 0.
at 0 ps, Instance /aiura/uut/PRIN_CONTROL/MEM_OPCODE/ : Warning: CONV_INTEGER: There is an 'U'|'X'|'W'|'Z'|'-' in an arithmetic operand, and it has been converted to 0.
at 0 ps, Instance /aiura/uut/ARCH_REGISTROS/ : Warning: CONV_INTEGER: There is an 'U'|'X'|'W'|'Z'|'-' in an arithmetic operand, and it has been converted to 0.
at 0 ps, Instance /aiura/uut/ARCH_REGISTROS/ : Warning: CONV_INTEGER: There is an 'U'|'X'|'W'|'Z'|'-' in an arithmetic operand, and it has been converted to 0.
at 0 ps, Instance /aiura/uut/MEM_DATOS/ : Warning: CONV_INTEGER: There is an 'U'|'X'|'W'|'Z'|'-' in an arithmetic operand, and it has been converted to 0.
Finished circuit initialization process.
at 0 ps, Instance /aiura/uut/MEM_DATOS/ : Warning: CONV_INTEGER: There is an 'U'|'X'|'W'|'Z'|'-' in an arithmetic operand, and it has been converted to 0.
at 45 ns(9), Instance /aiura/uut/MEM_DATOS/ : Warning: CONV_INTEGER: There is an 'U'|'X'|'W'|'Z'|'-' in an arithmetic operand, and it has been converted to 0.
at 45 ns(13), Instance /aiura/uut/MEM_DATOS/ : Warning: CONV_INTEGER: There is an 'U'|'X'|'W'|'Z'|'-' in an arithmetic operand, and it has been converted to 0.
at 65 ns(13), Instance /aiura/uut/MEM_DATOS/ : Warning: CONV_INTEGER: There is an 'U'|'X'|'W'|'Z'|'-' in an arithmetic operand, and it has been converted to 0.
at 85 ns(9), Instance /aiura/uut/MEM_DATOS/ : Warning: CONV_INTEGER: There is an 'U'|'X'|'W'|'Z'|'-' in an arithmetic operand, and it has been converted to 0.
at 215 ns(10), Instance /aiura/uut/MEM_DATOS/ : Warning: CONV_INTEGER: There is an 'U'|'X'|'W'|'Z'|'-' in an arithmetic operand, and it has been converted to 0.
# run 0.02us
